\BOOKMARK [0][-]{chapter.1}{Home}{}% 1
\BOOKMARK [0][-]{chapter.2}{Introduction}{}% 2
\BOOKMARK [0][-]{section*.3}{Python Basics}{}% 3
\BOOKMARK [1][-]{section.2.1}{Variables}{section*.3}% 4
\BOOKMARK [1][-]{section.2.2}{Comments}{section*.3}% 5
\BOOKMARK [1][-]{section.2.3}{Type Conversion}{section*.3}% 6
\BOOKMARK [1][-]{section.2.4}{Operators}{section*.3}% 7
\BOOKMARK [1][-]{section.2.5}{Assignment Operators}{section*.3}% 8
\BOOKMARK [1][-]{section.2.6}{Introduction to Functions}{section*.3}% 9
\BOOKMARK [1][-]{section.2.7}{Strings}{section*.3}% 10
\BOOKMARK [1][-]{section.2.8}{String Formatting}{section*.3}% 11
\BOOKMARK [0][-]{section*.12}{Data Structures}{}% 12
\BOOKMARK [1][-]{section.2.9}{Tuple}{section*.12}% 13
\BOOKMARK [1][-]{section.2.10}{Lists}{section*.12}% 14
\BOOKMARK [1][-]{section.2.11}{Dictionaries}{section*.12}% 15
\BOOKMARK [0][-]{section*.16}{If Statements}{}% 16
\BOOKMARK [1][-]{section.2.12}{Booleans}{section*.16}% 17
\BOOKMARK [1][-]{section.2.13}{Comparison Operators}{section*.16}% 18
\BOOKMARK [1][-]{section.2.14}{Logical Operators}{section*.16}% 19
\BOOKMARK [1][-]{section.2.15}{If Statements}{section*.16}% 20
\BOOKMARK [0][-]{section*.21}{Loops}{}% 21
\BOOKMARK [1][-]{section.2.16}{For Loops}{section*.21}% 22
\BOOKMARK [1][-]{section.2.17}{List Comprehension}{section*.21}% 23
\BOOKMARK [1][-]{section.2.18}{While Loops}{section*.21}% 24
\BOOKMARK [1][-]{section.2.19}{Breaking Out of Loops}{section*.21}% 25
\BOOKMARK [1][-]{section.2.20}{Else Statement and Loops}{section*.21}% 26
\BOOKMARK [0][-]{section*.27}{Functions}{}% 27
\BOOKMARK [1][-]{section.2.21}{Return Statement}{section*.27}% 28
\BOOKMARK [1][-]{section.2.22}{Arguments}{section*.27}% 29
\BOOKMARK [1][-]{section.2.23}{Local Variables}{section*.27}% 30
\BOOKMARK [1][-]{section.2.24}{Recursive Functions}{section*.27}% 31
\BOOKMARK [0][-]{section*.32}{File I/O}{}% 32
\BOOKMARK [1][-]{section.2.25}{File I/O}{section*.32}% 33
\BOOKMARK [1][-]{section.2.26}{Data Files}{section*.32}% 34
\BOOKMARK [0][-]{section*.35}{Benchmarking}{}% 35
\BOOKMARK [1][-]{section.2.27}{Measuring Time in Python}{section*.35}% 36
\BOOKMARK [1][-]{section.2.28}{Uncertainty}{section*.35}% 37
\BOOKMARK [0][-]{section*.38}{NumPy}{}% 38
\BOOKMARK [1][-]{section.2.29}{Arrays}{section*.38}% 39
\BOOKMARK [1][-]{section.2.30}{Array Methods and Attributes}{section*.38}% 40
\BOOKMARK [1][-]{section.2.31}{2D Arrays and Matrices}{section*.38}% 41
\BOOKMARK [1][-]{section.2.32}{Random Sampling}{section*.38}% 42
\BOOKMARK [1][-]{section.2.33}{Array Conditional Statements and numpy.where\(\)}{section*.38}% 43
\BOOKMARK [0][-]{section*.44}{Matplotlib}{}% 44
\BOOKMARK [1][-]{section.2.34}{Simple Plots With Pyplot}{section*.44}% 45
\BOOKMARK [1][-]{section.2.35}{Subplots}{section*.44}% 46
\BOOKMARK [0][-]{section*.47}{Regression and SciPy}{}% 47
\BOOKMARK [1][-]{section.2.36}{Linear Least Squares Minimization}{section*.47}% 48
\BOOKMARK [1][-]{section.2.37}{Linear Chi Squared Minimization}{section*.47}% 49
\BOOKMARK [1][-]{section.2.38}{Multivariate Linear Least Squares Minimization}{section*.47}% 50
\BOOKMARK [1][-]{section.2.39}{Nonlinear Least Squares Minimization with scipy.optimize.leastsq}{section*.47}% 51
\BOOKMARK [0][-]{section*.52}{Numerical Solutions to ODEs}{}% 52
\BOOKMARK [1][-]{section.2.40}{Euler's Method}{section*.52}% 53
\BOOKMARK [1][-]{section.2.41}{Truncation Error in Euler's Method}{section*.52}% 54
\BOOKMARK [1][-]{section.2.42}{Solving Higher Order ODEs}{section*.52}% 55
\BOOKMARK [1][-]{section.2.43}{Runge-Kutta Methods}{section*.52}% 56
\BOOKMARK [0][-]{section*.57}{Numerical Root Finding Techniques}{}% 57
\BOOKMARK [1][-]{section.2.44}{Bisection Method}{section*.57}% 58
\BOOKMARK [1][-]{section.2.45}{Secant Method}{section*.57}% 59
\BOOKMARK [1][-]{section.2.46}{Newton-Raphson Method}{section*.57}% 60
\BOOKMARK [1][-]{section.2.47}{Comparing the Methods}{section*.57}% 61
